<?xml version="1.0" encoding="UTF-8"?>
<!-- Generated by org.testng.reporters.JUnitReportReporter -->
<testsuite skipped="0" hostname="DESKTOP-BMSFG04" name="testNgFlags.Flag1" tests="1" failures="0" timestamp="2022-11-12T23:13:24 IST" time="0.014" errors="0">
  <testcase name="logoutOfActiTime" time="0.014" classname="testNgFlags.Flag1"/>
  <system-out>
    <![CDATA[loggin out...............]]>
  </system-out>
</testsuite> <!-- testNgFlags.Flag1 -->
