<?xml version="1.0" encoding="UTF-8"?>
<!-- Generated by org.testng.reporters.JUnitReportReporter -->
<testsuite skipped="0" hostname="DESKTOP-BMSFG04" name="testNgpack.ActiTimeLogin" tests="2" failures="0" timestamp="2022-11-14T19:57:20 IST" time="171.476" errors="0">
  <testcase name="loginToActiTime" time="55.374" classname="testNgpack.ActiTimeLogin"/>
  <system-out/>
  <testcase name="loginToActiTime" time="116.102" classname="testNgpack.ActiTimeLogin"/>
  <system-out/>
</testsuite> <!-- testNgpack.ActiTimeLogin -->
