<?xml version="1.0" encoding="UTF-8"?>
<!-- Generated by org.testng.reporters.JUnitReportReporter -->
<testsuite skipped="0" hostname="DESKTOP-BMSFG04" name="testNgFlags.FlagEx" tests="10" failures="0" timestamp="2022-11-12T23:32:42 IST" time="0.037" errors="0">
  <testcase name="e" time="0.002" classname="testNgFlags.FlagEx"/>
  <system-out>
    <![CDATA[e method]]>
  </system-out>
  <testcase name="y" time="0.004" classname="testNgFlags.FlagEx"/>
  <system-out>
    <![CDATA[y method]]>
  </system-out>
  <testcase name="c" time="0.002" classname="testNgFlags.FlagEx"/>
  <system-out>
    <![CDATA[c method]]>
  </system-out>
  <testcase name="f" time="0.002" classname="testNgFlags.FlagEx"/>
  <system-out>
    <![CDATA[f method]]>
  </system-out>
  <testcase name="a" time="0.014" classname="testNgFlags.FlagEx"/>
  <system-out>
    <![CDATA[a method]]>
  </system-out>
  <testcase name="d" time="0.002" classname="testNgFlags.FlagEx"/>
  <system-out>
    <![CDATA[d method]]>
  </system-out>
  <testcase name="w" time="0.002" classname="testNgFlags.FlagEx"/>
  <system-out>
    <![CDATA[w method]]>
  </system-out>
  <testcase name="x" time="0.002" classname="testNgFlags.FlagEx"/>
  <system-out>
    <![CDATA[x method]]>
  </system-out>
  <testcase name="z" time="0.002" classname="testNgFlags.FlagEx"/>
  <system-out>
    <![CDATA[z method]]>
  </system-out>
  <testcase name="b" time="0.005" classname="testNgFlags.FlagEx"/>
  <system-out>
    <![CDATA[b method]]>
  </system-out>
</testsuite> <!-- testNgFlags.FlagEx -->
