<?xml version="1.0" encoding="UTF-8"?>
<!-- Generated by org.testng.reporters.JUnitReportReporter -->
<testsuite skipped="0" hostname="DESKTOP-BMSFG04" name="testNgpack.CheckReports3" tests="1" failures="0" timestamp="2022-11-12T21:10:17 IST" time="0.019" errors="0">
  <testcase name="checkReport" time="0.019" classname="testNgpack.CheckReports3"/>
  <system-out>
    <![CDATA[Tushar]]>
  </system-out>
</testsuite> <!-- testNgpack.CheckReports3 -->
