<?xml version="1.0" encoding="UTF-8"?>
<!-- Generated by org.testng.reporters.JUnitReportReporter -->
<testsuite skipped="0" hostname="DESKTOP-BMSFG04" name="testNgFlags.Flag7" tests="6" failures="0" timestamp="2022-11-14T19:12:53 IST" time="0.029" errors="0">
  <testcase name="it5" time="0.002" classname="testNgFlags.Flag7"/>
  <system-out>
    <![CDATA[Integration test case 5 executed]]>
  </system-out>
  <testcase name="it4" time="0.004" classname="testNgFlags.Flag7"/>
  <system-out>
    <![CDATA[Integration test case 4 executed]]>
  </system-out>
  <testcase name="it3" time="0.002" classname="testNgFlags.Flag7"/>
  <system-out>
    <![CDATA[Integration test case 3 executed]]>
  </system-out>
  <testcase name="it6" time="0.003" classname="testNgFlags.Flag7"/>
  <system-out>
    <![CDATA[Integration test case 6 executed]]>
  </system-out>
  <testcase name="it1" time="0.016" classname="testNgFlags.Flag7"/>
  <system-out>
    <![CDATA[Integration test case 1 executed]]>
  </system-out>
  <testcase name="it2" time="0.002" classname="testNgFlags.Flag7"/>
  <system-out>
    <![CDATA[Integration test case 2 executed]]>
  </system-out>
</testsuite> <!-- testNgFlags.Flag7 -->
