<?xml version="1.0" encoding="UTF-8"?>
<!-- Generated by org.testng.reporters.JUnitReportReporter -->
<testsuite skipped="0" hostname="DESKTOP-BMSFG04" name="testNgFlags.Flag4" tests="10" failures="0" timestamp="2022-11-12T23:49:00 IST" time="0.102" errors="0">
  <testcase name="verifyLoginButtonEnableDisableStatus" time="0.002" classname="testNgFlags.Flag4"/>
  <system-out>
    <![CDATA[Disabled !!]]>
  </system-out>
  <testcase name="verifyLoginButtonEnableDisableStatus" time="0.038" classname="testNgFlags.Flag4"/>
  <system-out>
    <![CDATA[Disabled !!]]>
  </system-out>
  <testcase name="verifyLoginButtonEnableDisableStatus" time="0.003" classname="testNgFlags.Flag4"/>
  <system-out>
    <![CDATA[Disabled !!]]>
  </system-out>
  <testcase name="verifyLoginButtonEnableDisableStatus" time="0.005" classname="testNgFlags.Flag4"/>
  <system-out>
    <![CDATA[Disabled !!]]>
  </system-out>
  <testcase name="verifyLoginButtonEnableDisableStatus" time="0.002" classname="testNgFlags.Flag4"/>
  <system-out>
    <![CDATA[Disabled !!]]>
  </system-out>
  <testcase name="verifyLoginButtonEnableDisableStatus" time="0.018" classname="testNgFlags.Flag4"/>
  <system-out>
    <![CDATA[Disabled !!]]>
  </system-out>
  <testcase name="verifyLoginButtonEnableDisableStatus" time="0.005" classname="testNgFlags.Flag4"/>
  <system-out>
    <![CDATA[Disabled !!]]>
  </system-out>
  <testcase name="verifyLoginButtonEnableDisableStatus" time="0.002" classname="testNgFlags.Flag4"/>
  <system-out>
    <![CDATA[Disabled !!]]>
  </system-out>
  <testcase name="verifyLoginButtonEnableDisableStatus" time="0.020" classname="testNgFlags.Flag4"/>
  <system-out>
    <![CDATA[Disabled !!]]>
  </system-out>
  <testcase name="verifyLoginButtonEnableDisableStatus" time="0.007" classname="testNgFlags.Flag4"/>
  <system-out>
    <![CDATA[Disabled !!]]>
  </system-out>
</testsuite> <!-- testNgFlags.Flag4 -->
