<?xml version="1.0" encoding="UTF-8"?>
<!-- Generated by org.testng.reporters.JUnitReportReporter -->
<testsuite skipped="0" hostname="DESKTOP-BMSFG04" name="testNgpack.CheckReport" tests="1" failures="0" timestamp="2022-11-12T19:28:14 IST" time="0.018" errors="0">
  <testcase name="checkReport" time="0.018" classname="testNgpack.CheckReport"/>
  <system-out/>
</testsuite> <!-- testNgpack.CheckReport -->
