<?xml version="1.0" encoding="UTF-8"?>
<!-- Generated by org.testng.reporters.JUnitReportReporter -->
<testsuite skipped="0" hostname="DESKTOP-BMSFG04" name="testNgpack.CheckReport2" tests="1" failures="0" timestamp="2022-11-12T21:08:02 IST" time="0.034" errors="0">
  <testcase name="checkReports" time="0.034" classname="testNgpack.CheckReport2"/>
  <system-out>
    <![CDATA[Tushar]]>
  </system-out>
</testsuite> <!-- testNgpack.CheckReport2 -->
