<?xml version="1.0" encoding="UTF-8"?>
<!-- Generated by org.testng.reporters.JUnitReportReporter -->
<testsuite skipped="1" hostname="DESKTOP-BMSFG04" name="testNgFlags.Flag3" tests="2" failures="0" timestamp="2022-11-12T23:43:12 IST" time="0.016" errors="0">
  <testcase name="login" time="0.016" classname="testNgFlags.Flag3"/>
  <system-out>
    <![CDATA[Login...]]>
  </system-out>
  <testcase name="createUser" classname="testNgFlags.Flag3">
    <skipped/>
  </testcase> <!-- createUser -->
  <system-out/>
</testsuite> <!-- testNgFlags.Flag3 -->
