<?xml version="1.0" encoding="UTF-8"?>
<!-- Generated by org.testng.reporters.JUnitReportReporter -->
<testsuite skipped="0" hostname="DESKTOP-BMSFG04" name="testNgpack.ChooseBrowser" tests="2" failures="0" timestamp="2022-11-14T19:30:09 IST" time="157.766" errors="0">
  <testcase name="openBrowser" time="37.698" classname="testNgpack.ChooseBrowser"/>
  <system-out/>
  <testcase name="openBrowser" time="120.068" classname="testNgpack.ChooseBrowser"/>
  <system-out/>
</testsuite> <!-- testNgpack.ChooseBrowser -->
