<?xml version="1.0" encoding="UTF-8"?>
<!-- Generated by org.testng.reporters.JUnitReportReporter -->
<testsuite skipped="0" hostname="DESKTOP-BMSFG04" name="testNgFlags.Flag5" tests="3" failures="0" timestamp="2022-11-12T23:52:09 IST" time="0.021" errors="0">
  <testcase name="loginMethod" time="0.017" classname="testNgFlags.Flag5"/>
  <system-out>
    <![CDATA[Login Method...]]>
  </system-out>
  <testcase name="createUsers" time="0.001" classname="testNgFlags.Flag5"/>
  <system-out>
    <![CDATA[Create USers Method...]]>
  </system-out>
  <testcase name="logoutMethod" time="0.003" classname="testNgFlags.Flag5"/>
  <system-out>
    <![CDATA[Logout Method...]]>
  </system-out>
</testsuite> <!-- testNgFlags.Flag5 -->
