<?xml version="1.0" encoding="UTF-8"?>
<!-- Generated by org.testng.reporters.JUnitReportReporter -->
<testsuite skipped="0" hostname="DESKTOP-BMSFG04" name="testNgpack.FirstClass" tests="1" failures="0" timestamp="2022-11-12T22:58:35 IST" time="0.085" errors="0">
  <testcase name="demo" time="0.085" classname="testNgpack.FirstClass"/>
  <system-out/>
</testsuite> <!-- testNgpack.FirstClass -->
